<?xml version="1.0" encoding="UTF-8"?>
<!-- Generated by org.testng.reporters.JUnitXMLReporter -->
<testsuite ignored="0" hostname="DESKTOP-VFJE53O" failures="0" tests="6" name="Test" time="0.091" errors="0" timestamp="2020-04-10T20:36:03 IST">
  <testcase classname="qaclickacademy.AppiumTest" name="AndroidApp" time="0.011"/>
  <testcase classname="qaclickacademy.AppiumTest" name="IOSApp" time="0.001"/>
  <testcase classname="qaclickacademy.SeleniumTest" name="browserautomation" time="0.001"/>
  <testcase classname="qaclickacademy.SeleniumTest" name="elementsUI" time="0.001"/>
  <testcase classname="qaclickacademy.RestAPITest" name="Jira" time="0.0"/>
  <testcase classname="qaclickacademy.RestAPITest" name="delettwitter" time="0.0"/>
</testsuite> <!-- Test -->
