<?xml version="1.0" encoding="UTF-8"?>
<testng-results ignored="0" total="6" passed="6" failed="0" skipped="0">
  <reporter-output>
  </reporter-output>
  <suite started-at="2020-04-10T20:36:03 IST" name="Suite" finished-at="2020-04-10T20:36:03 IST" duration-ms="91">
    <groups>
    </groups>
    <test started-at="2020-04-10T20:36:03 IST" name="Test" finished-at="2020-04-10T20:36:03 IST" duration-ms="91">
      <class name="qaclickacademy.AppiumTest">
        <test-method signature="AndroidApp()[pri:0, instance:qaclickacademy.AppiumTest@1d548a08]" started-at="2020-04-10T20:36:03 IST" name="AndroidApp" finished-at="2020-04-10T20:36:03 IST" duration-ms="11" status="PASS">
          <reporter-output>
          </reporter-output>
        </test-method> <!-- AndroidApp -->
        <test-method signature="IOSApp()[pri:0, instance:qaclickacademy.AppiumTest@1d548a08]" started-at="2020-04-10T20:36:03 IST" name="IOSApp" finished-at="2020-04-10T20:36:03 IST" duration-ms="1" status="PASS">
          <reporter-output>
          </reporter-output>
        </test-method> <!-- IOSApp -->
      </class> <!-- qaclickacademy.AppiumTest -->
      <class name="qaclickacademy.RestAPITest">
        <test-method signature="Jira()[pri:0, instance:qaclickacademy.RestAPITest@780cb77]" started-at="2020-04-10T20:36:03 IST" name="Jira" finished-at="2020-04-10T20:36:03 IST" duration-ms="0" status="PASS">
          <reporter-output>
          </reporter-output>
        </test-method> <!-- Jira -->
        <test-method signature="delettwitter()[pri:0, instance:qaclickacademy.RestAPITest@780cb77]" started-at="2020-04-10T20:36:03 IST" name="delettwitter" finished-at="2020-04-10T20:36:03 IST" duration-ms="0" status="PASS">
          <reporter-output>
          </reporter-output>
        </test-method> <!-- delettwitter -->
      </class> <!-- qaclickacademy.RestAPITest -->
      <class name="qaclickacademy.SeleniumTest">
        <test-method signature="browserautomation()[pri:0, instance:qaclickacademy.SeleniumTest@16aa0a0a]" started-at="2020-04-10T20:36:03 IST" name="browserautomation" finished-at="2020-04-10T20:36:03 IST" duration-ms="1" status="PASS">
          <reporter-output>
          </reporter-output>
        </test-method> <!-- browserautomation -->
        <test-method signature="elementsUI()[pri:0, instance:qaclickacademy.SeleniumTest@16aa0a0a]" started-at="2020-04-10T20:36:03 IST" name="elementsUI" finished-at="2020-04-10T20:36:03 IST" duration-ms="1" status="PASS">
          <reporter-output>
          </reporter-output>
        </test-method> <!-- elementsUI -->
      </class> <!-- qaclickacademy.SeleniumTest -->
    </test> <!-- Test -->
  </suite> <!-- Suite -->
</testng-results>
